Build started 12/10/2014 05:10:02.
     1>Project "C:\Users\Miguel\Documents\GitHub\QEPU_HardwareSimulator\QEPU_Simulator\QEPU_Simulator\QEPU_Simulator.vcxproj" on node 2 (Build target(s)).
     1>ClCompile:
         C:\Program Files (x86)\Microsoft Visual Studio 12.0\VC\bin\CL.exe /c /Zi /nologo /W3 /WX- /sdl /O2 /Oi /Oy- /GL /D WIN32 /D NDEBUG /D _CONSOLE /D _LIB /D _CRT_SECURE_NO_DEPRECATE /D _CRT_NONSTDC_NO_DEPRECATE /D _UNICODE /D UNICODE /Gm- /EHsc /MD /GS /Gy /fp:precise /Zc:wchar_t /Zc:forScope /Fo"Release\\" /Fd"Release\vc120.pdb" /Gd /TP /analyze- /errorReport:prompt QEPU_Simulator.cpp
         QEPU_Simulator.cpp
       Link:
         C:\Program Files (x86)\Microsoft Visual Studio 12.0\VC\bin\link.exe /ERRORREPORT:PROMPT /OUT:"C:\Users\Miguel\Documents\GitHub\QEPU_HardwareSimulator\QEPU_Simulator\Release\QEPU_Simulator.exe" /INCREMENTAL:NO /NOLOGO kernel32.lib user32.lib gdi32.lib winspool.lib comdlg32.lib advapi32.lib shell32.lib ole32.lib oleaut32.lib uuid.lib odbc32.lib odbccp32.lib /MANIFEST /MANIFESTUAC:"level='asInvoker' uiAccess='false'" /manifest:embed /DEBUG /PDB:"C:\Users\Miguel\Documents\GitHub\QEPU_HardwareSimulator\QEPU_Simulator\Release\QEPU_Simulator.pdb" /SUBSYSTEM:CONSOLE /OPT:REF /OPT:ICF /LTCG /TLBID:1 /DYNAMICBASE /NXCOMPAT /IMPLIB:"C:\Users\Miguel\Documents\GitHub\QEPU_HardwareSimulator\QEPU_Simulator\Release\QEPU_Simulator.lib" /MACHINE:X86 /SAFESEH Release\attributes.obj
         Release\flag.obj
         Release\interrupts.obj
         Release\jumpstack.obj
         Release\qepu.obj
         Release\eeprom.obj
         Release\keyboard.obj
         Release\uart.obj
         Release\video_driver.obj
         Release\memory_manager.obj
         Release\qmem.obj
         Release\sram.obj
         Release\complex.obj
         Release\classical_gates.obj
         Release\entangler.obj
         Release\quantum_multiplier.obj
         Release\quantum_gates.obj
         Release\utils.obj
         Release\stdafx.obj
         Release\QEPU_Simulator.obj
         Generating code
         Finished generating code
         QEPU_Simulator.vcxproj -> C:\Users\Miguel\Documents\GitHub\QEPU_HardwareSimulator\QEPU_Simulator\Release\QEPU_Simulator.exe
     1>Done Building Project "C:\Users\Miguel\Documents\GitHub\QEPU_HardwareSimulator\QEPU_Simulator\QEPU_Simulator\QEPU_Simulator.vcxproj" (Build target(s)).

Build succeeded.

Time Elapsed 00:00:06.74
