Build started 12/09/2014 23:51:58.
     1>Project "C:\Users\Miguel\Documents\GitHub\QEPU_HardwareSimulator\QEPU_Simulator\QEPU_Simulator\QEPU_Simulator.vcxproj" on node 2 (Build target(s)).
     1>ClCompile:
         C:\Program Files (x86)\Microsoft Visual Studio 12.0\VC\bin\CL.exe /c /ZI /nologo /W3 /WX- /sdl /Od /Oy- /D WIN32 /D _DEBUG /D _CONSOLE /D _LIB /D _CRT_SECURE_NO_DEPRECATE /D _UNICODE /D UNICODE /Gm /EHsc /RTC1 /MDd /GS /fp:precise /Zc:wchar_t /Zc:forScope /Yu"stdafx.h" /Fp"Debug\QEPU_Simulator.pch" /Fo"Debug\\" /Fd"Debug\vc120.pdb" /Gd /TP /analyze- /errorReport:prompt QEPU_Simulator.cpp qepu.cpp qmem.cpp sram.cpp
         sram.cpp
     1>c:\users\miguel\documents\github\qepu_hardwaresimulator\qepu_simulator\qepu_simulator\sram.cpp(4): warning C4244: 'argument' : conversion from 'double' to 'unsigned int', possible loss of data
     1>c:\users\miguel\documents\github\qepu_hardwaresimulator\qepu_simulator\qepu_simulator\sram.cpp(46): warning C4172: returning address of local variable or temporary
         qmem.cpp
     1>c:\users\miguel\documents\github\qepu_hardwaresimulator\qepu_simulator\qepu_simulator\qmem.cpp(17): warning C4244: 'argument' : conversion from 'double' to 'float', possible loss of data
         qepu.cpp
     1>c:\users\miguel\documents\github\qepu_hardwaresimulator\qepu_simulator\qepu_simulator\qepu.cpp(7): warning C4244: 'argument' : conversion from 'time_t' to 'unsigned int', possible loss of data
         QEPU_Simulator.cpp
         Generating Code...
       Link:
         C:\Program Files (x86)\Microsoft Visual Studio 12.0\VC\bin\link.exe /ERRORREPORT:PROMPT /OUT:"C:\Users\Miguel\Documents\GitHub\QEPU_HardwareSimulator\QEPU_Simulator\Debug\QEPU_Simulator.exe" /INCREMENTAL /NOLOGO kernel32.lib user32.lib gdi32.lib winspool.lib comdlg32.lib advapi32.lib shell32.lib ole32.lib oleaut32.lib uuid.lib odbc32.lib odbccp32.lib /MANIFEST /MANIFESTUAC:"level='asInvoker' uiAccess='false'" /manifest:embed /DEBUG /PDB:"C:\Users\Miguel\Documents\GitHub\QEPU_HardwareSimulator\QEPU_Simulator\Debug\QEPU_Simulator.pdb" /SUBSYSTEM:CONSOLE /TLBID:1 /DYNAMICBASE /NXCOMPAT /IMPLIB:"C:\Users\Miguel\Documents\GitHub\QEPU_HardwareSimulator\QEPU_Simulator\Debug\QEPU_Simulator.lib" /MACHINE:X86 Debug\complex.obj
         Debug\eeprom.obj
         Debug\flag.obj
         Debug\gates.obj
         Debug\interrupts.obj
         Debug\jumpstack.obj
         Debug\qepu.obj
         Debug\QEPU_Simulator.obj
         Debug\qmem.obj
         Debug\sram.obj
         Debug\stdafx.obj
         Debug\uart.obj
         Debug\utils.obj
         QEPU_Simulator.vcxproj -> C:\Users\Miguel\Documents\GitHub\QEPU_HardwareSimulator\QEPU_Simulator\Debug\QEPU_Simulator.exe
     1>Done Building Project "C:\Users\Miguel\Documents\GitHub\QEPU_HardwareSimulator\QEPU_Simulator\QEPU_Simulator\QEPU_Simulator.vcxproj" (Build target(s)).

Build succeeded.

Time Elapsed 00:00:08.60
